#-----------------------------------------------------------
# Vivado v2020.2 (64-bit)
# SW Build 3064766 on Wed Nov 18 09:12:45 MST 2020
# IP Build 3064653 on Wed Nov 18 14:17:31 MST 2020
# Start of session at: Thu Dec 16 18:38:07 2021
# Process ID: 16080
# Current directory: D:/CS/architecture/Lab6/Exp6
# Command line: vivado.exe -gui_launcher_event rodinguilauncherevent440 D:\CS\architecture\Lab6\Exp6\Exp6.xpr
# Log file: D:/CS/architecture/Lab6/Exp6/vivado.log
# Journal file: D:/CS/architecture/Lab6/Exp6\vivado.jou
#-----------------------------------------------------------
start_gui
open_project D:/CS/architecture/Lab6/Exp6/Exp6.xpr
INFO: [Project 1-313] Project file moved from 'C:/Users/Zonghui Wang/Desktop/risc v/Code4Stu/Exp6' since last save.
CRITICAL WARNING: [Project 1-311] Could not find the file 'D:/CS/architecture/Lab6/Exp6/Exp6.srcs/sources_1/ip/multiplier/multiplier.xci', nor could it be found using path 'C:/Users/Zonghui Wang/Desktop/risc v/Code4Stu/Exp6/Exp6.srcs/sources_1/ip/multiplier/multiplier.xci'.
CRITICAL WARNING: [Project 1-311] Could not find the file 'D:/CS/architecture/Lab6/Exp6/Exp6.srcs/sources_1/ip/divider/divider.xci', nor could it be found using path 'C:/Users/Zonghui Wang/Desktop/risc v/Code4Stu/Exp6/Exp6.srcs/sources_1/ip/divider/divider.xci'.
Scanning sources...
Finished scanning sources
WARNING: [Project 1-509] GeneratedRun file for 'synth_1' not found
WARNING: [Project 1-509] GeneratedRun file for 'divider_synth_1' not found
WARNING: [Project 1-509] GeneratedRun file for 'impl_1' not found
ERROR: [IP_Flow 19-993] Could not find IP file for IP 'multiplier'.
CRITICAL WARNING: [IP_Flow 19-5097] Unable to determine VLNV from IP file; verify it has the correct syntax: 
ERROR: [IP_Flow 19-993] Could not find IP file for IP 'divider'.
CRITICAL WARNING: [IP_Flow 19-5097] Unable to determine VLNV from IP file; verify it has the correct syntax: 
INFO: [Project 1-230] Project 'Exp6.xpr' upgraded for this version of Vivado.
INFO: [IP_Flow 19-234] Refreshing IP repositories
INFO: [IP_Flow 19-1704] No user IP repositories specified
INFO: [IP_Flow 19-2313] Loaded Vivado IP repository 'D:/Program/Vivado/2020.2/data/ip'.
open_project: Time (s): cpu = 00:00:18 ; elapsed = 00:00:07 . Memory (MB): peak = 1075.832 ; gain = 0.000
ERROR: [Common 17-39] 'open_project' failed due to earlier errors.
update_compile_order -fileset sources_1
WARNING: [filemgmt 56-199] Attempt to get parsing info during refresh. "On-the-fly" syntax checking information may be incorrect. [D:\CS\architecture\Lab6\Exp6\code\sim\sim_top.v:]
WARNING: [filemgmt 56-199] Attempt to get parsing info during refresh. "On-the-fly" syntax checking information may be incorrect. [D:\CS\architecture\Lab6\Exp6\code\core\CtrlUnit.v:]
WARNING: [filemgmt 56-199] Attempt to get parsing info during refresh. "On-the-fly" syntax checking information may be incorrect. [D:\CS\architecture\Lab6\Exp6\code\core\FU_mem.v:]
WARNING: [filemgmt 56-199] Attempt to get parsing info during refresh. "On-the-fly" syntax checking information may be incorrect. [D:\CS\architecture\Lab6\Exp6\code\core\RAM_B.v:]
WARNING: [filemgmt 56-199] Attempt to get parsing info during refresh. "On-the-fly" syntax checking information may be incorrect. [D:\CS\architecture\Lab6\Exp6\code\core\CtrlDefine.vh:]
WARNING: [filemgmt 56-199] Attempt to get parsing info during refresh. "On-the-fly" syntax checking information may be incorrect. [D:\CS\architecture\Lab6\Exp6\code\core\RV32core.v:]
WARNING: [filemgmt 56-199] Attempt to get parsing info during refresh. "On-the-fly" syntax checking information may be incorrect. [D:\CS\architecture\Lab6\Exp6\code\sim\sim_top.v:]
WARNING: [filemgmt 56-199] Attempt to get parsing info during refresh. "On-the-fly" syntax checking information may be incorrect. [D:\CS\architecture\Lab6\Exp6\code\core\CtrlUnit.v:]
WARNING: [filemgmt 56-199] Attempt to get parsing info during refresh. "On-the-fly" syntax checking information may be incorrect. [D:\CS\architecture\Lab6\Exp6\code\core\FU_mem.v:]
WARNING: [filemgmt 56-199] Attempt to get parsing info during refresh. "On-the-fly" syntax checking information may be incorrect. [D:\CS\architecture\Lab6\Exp6\code\core\RAM_B.v:]
WARNING: [filemgmt 56-199] Attempt to get parsing info during refresh. "On-the-fly" syntax checking information may be incorrect. [D:\CS\architecture\Lab6\Exp6\code\core\CtrlDefine.vh:]
WARNING: [filemgmt 56-199] Attempt to get parsing info during refresh. "On-the-fly" syntax checking information may be incorrect. [D:\CS\architecture\Lab6\Exp6\code\core\RV32core.v:]
WARNING: [filemgmt 56-199] Attempt to get parsing info during refresh. "On-the-fly" syntax checking information may be incorrect. [D:\CS\architecture\Lab6\Exp6\code\sim\sim_top.v:]
WARNING: [filemgmt 56-199] Attempt to get parsing info during refresh. "On-the-fly" syntax checking information may be incorrect. [D:\CS\architecture\Lab6\Exp6\code\core\CtrlUnit.v:]
WARNING: [filemgmt 56-199] Attempt to get parsing info during refresh. "On-the-fly" syntax checking information may be incorrect. [D:\CS\architecture\Lab6\Exp6\code\core\FU_mem.v:]
WARNING: [filemgmt 56-199] Attempt to get parsing info during refresh. "On-the-fly" syntax checking information may be incorrect. [D:\CS\architecture\Lab6\Exp6\code\core\RAM_B.v:]
WARNING: [filemgmt 56-199] Attempt to get parsing info during refresh. "On-the-fly" syntax checking information may be incorrect. [D:\CS\architecture\Lab6\Exp6\code\core\CtrlDefine.vh:]
WARNING: [filemgmt 56-199] Attempt to get parsing info during refresh. "On-the-fly" syntax checking information may be incorrect. [D:\CS\architecture\Lab6\Exp6\code\core\RV32core.v:]
WARNING: [filemgmt 56-199] Attempt to get parsing info during refresh. "On-the-fly" syntax checking information may be incorrect. [D:\CS\architecture\Lab6\Exp6\code\sim\sim_top.v:]
WARNING: [filemgmt 56-199] Attempt to get parsing info during refresh. "On-the-fly" syntax checking information may be incorrect. [D:\CS\architecture\Lab6\Exp6\code\core\CtrlUnit.v:]
WARNING: [filemgmt 56-199] Attempt to get parsing info during refresh. "On-the-fly" syntax checking information may be incorrect. [D:\CS\architecture\Lab6\Exp6\code\core\FU_mem.v:]
WARNING: [filemgmt 56-199] Attempt to get parsing info during refresh. "On-the-fly" syntax checking information may be incorrect. [D:\CS\architecture\Lab6\Exp6\code\core\RAM_B.v:]
WARNING: [filemgmt 56-199] Attempt to get parsing info during refresh. "On-the-fly" syntax checking information may be incorrect. [D:\CS\architecture\Lab6\Exp6\code\core\CtrlDefine.vh:]
WARNING: [filemgmt 56-199] Attempt to get parsing info during refresh. "On-the-fly" syntax checking information may be incorrect. [D:\CS\architecture\Lab6\Exp6\code\core\RV32core.v:]
WARNING: [filemgmt 56-199] Attempt to get parsing info during refresh. "On-the-fly" syntax checking information may be incorrect. [D:\CS\architecture\Lab6\Exp6\code\sim\sim_top.v:]
WARNING: [filemgmt 56-199] Attempt to get parsing info during refresh. "On-the-fly" syntax checking information may be incorrect. [D:\CS\architecture\Lab6\Exp6\code\core\CtrlUnit.v:]
WARNING: [filemgmt 56-199] Attempt to get parsing info during refresh. "On-the-fly" syntax checking information may be incorrect. [D:\CS\architecture\Lab6\Exp6\code\core\FU_mem.v:]
WARNING: [filemgmt 56-199] Attempt to get parsing info during refresh. "On-the-fly" syntax checking information may be incorrect. [D:\CS\architecture\Lab6\Exp6\code\core\RAM_B.v:]
WARNING: [filemgmt 56-199] Attempt to get parsing info during refresh. "On-the-fly" syntax checking information may be incorrect. [D:\CS\architecture\Lab6\Exp6\code\core\CtrlDefine.vh:]
WARNING: [filemgmt 56-199] Attempt to get parsing info during refresh. "On-the-fly" syntax checking information may be incorrect. [D:\CS\architecture\Lab6\Exp6\code\core\RV32core.v:]
exit
INFO: [Common 17-206] Exiting Vivado at Thu Dec 16 22:00:22 2021...
