#-----------------------------------------------------------
# Vivado v2020.2 (64-bit)
# SW Build 3064766 on Wed Nov 18 09:12:45 MST 2020
# IP Build 3064653 on Wed Nov 18 14:17:31 MST 2020
# Start of session at: Wed Dec 22 19:39:15 2021
# Process ID: 19968
# Current directory: D:/CA/Lab6/Exp6
# Command line: vivado.exe -gui_launcher_event rodinguilauncherevent25784 D:\CA\Lab6\Exp6\Exp6.xpr
# Log file: D:/CA/Lab6/Exp6/vivado.log
# Journal file: D:/CA/Lab6/Exp6\vivado.jou
#-----------------------------------------------------------
start_gui
open_project D:/CA/Lab6/Exp6/Exp6.xpr
INFO: [Project 1-313] Project file moved from 'D:/CS/architecture/Lab6/Exp6' since last save.
Scanning sources...
Finished scanning sources
INFO: [IP_Flow 19-234] Refreshing IP repositories
INFO: [IP_Flow 19-1704] No user IP repositories specified
INFO: [IP_Flow 19-2313] Loaded Vivado IP repository 'D:/Xilinx/Vivado/2020.2/data/ip'.
WARNING: [IP_Flow 19-2162] IP 'multiplier' is locked:
* IP definition 'Multiplier (12.0)' for IP 'multiplier' (customized with software release 2018.2) has a different revision in the IP Catalog.
WARNING: [IP_Flow 19-2162] IP 'divider' is locked:
* IP definition 'Divider Generator (5.1)' for IP 'divider' (customized with software release 2018.2) has a different revision in the IP Catalog.
update_compile_order -fileset sources_1
launch_simulation
Command: launch_simulation 
INFO: [Vivado 12-5698] Checking validity of IPs in the design for the 'XSim' simulator...
WARNING: [Runs 36-337] The following IPs are either missing output products or output products are not up-to-date for Simulation target. Since these IPs are locked, no update to the output products can be done. 
Please select 'Report IP Status' from the 'Tools/Report' menu or run Tcl command 'report_ip_status' for more information.
D:/CA/Lab6/Exp6/Exp6.srcs/sources_1/ip/divider/divider.xci
D:/CA/Lab6/Exp6/Exp6.srcs/sources_1/ip/multiplier/multiplier.xci

INFO: [Vivado 12-5682] Launching behavioral simulation in 'D:/CA/Lab6/Exp6/Exp6.sim/sim_1/behav/xsim'
INFO: [Vivado 12-4795] Using compiled simulation libraries for IPs
INFO: [SIM-utils-51] Simulation object is 'sim_1'
INFO: [USF-XSim-7] Finding pre-compiled libraries...
INFO: [USF-XSim-11] File 'D:/Xilinx/Vivado/2020.2/data/xsim/xsim.ini' copied to run dir:'D:/CA/Lab6/Exp6/Exp6.sim/sim_1/behav/xsim'
INFO: [SIM-utils-20] The project contains locked or custom IPs. The pre-compiled version of these IPs will not be referenced and the sources from these IP libraries will be compiled locally.
INFO: [SIM-utils-54] Inspecting design source files for 'sim_top' in fileset 'sim_1'...
INFO: [SIM-utils-43] Exported 'D:/CA/Lab6/Exp6/Exp6.sim/sim_1/behav/xsim/rom.mem'
INFO: [SIM-utils-43] Exported 'D:/CA/Lab6/Exp6/Exp6.sim/sim_1/behav/xsim/ram.mem'
INFO: [USF-XSim-97] Finding global include files...
INFO: [USF-XSim-98] Fetching design files from 'sim_1'...
INFO: [USF-XSim-2] XSim::Compile design
INFO: [USF-XSim-61] Executing 'COMPILE and ANALYZE' step in 'D:/CA/Lab6/Exp6/Exp6.sim/sim_1/behav/xsim'
"xvlog --incr --relax -prj sim_top_vlog.prj"
INFO: [VRFC 10-2263] Analyzing Verilog file "D:/CA/Lab6/Exp6/code/auxillary/Code2Inst.v" into library xil_defaultlib
INFO: [VRFC 10-311] analyzing module Code2Inst
INFO: [VRFC 10-2263] Analyzing Verilog file "D:/CA/Lab6/Exp6/code/core/CtrlUnit.v" into library xil_defaultlib
INFO: [VRFC 10-311] analyzing module CtrlUnit
WARNING: [VRFC 10-3380] identifier 'use_FU' is used before its declaration [D:/CA/Lab6/Exp6/code/core/CtrlUnit.v:184]
INFO: [VRFC 10-2263] Analyzing Verilog file "D:/CA/Lab6/Exp6/code/core/FU_ALU.v" into library xil_defaultlib
INFO: [VRFC 10-311] analyzing module FU_ALU
INFO: [VRFC 10-2263] Analyzing Verilog file "D:/CA/Lab6/Exp6/code/core/FU_div.v" into library xil_defaultlib
INFO: [VRFC 10-311] analyzing module FU_div
INFO: [VRFC 10-2263] Analyzing Verilog file "D:/CA/Lab6/Exp6/code/core/FU_jump.v" into library xil_defaultlib
INFO: [VRFC 10-311] analyzing module FU_jump
INFO: [VRFC 10-2263] Analyzing Verilog file "D:/CA/Lab6/Exp6/code/core/FU_mem.v" into library xil_defaultlib
INFO: [VRFC 10-311] analyzing module FU_mem
INFO: [VRFC 10-2263] Analyzing Verilog file "D:/CA/Lab6/Exp6/code/core/FU_mul.v" into library xil_defaultlib
INFO: [VRFC 10-311] analyzing module FU_mul
INFO: [VRFC 10-2263] Analyzing Verilog file "D:/CA/Lab6/Exp6/code/auxillary/Font816.v" into library xil_defaultlib
INFO: [VRFC 10-311] analyzing module FONT8_16
INFO: [VRFC 10-2263] Analyzing Verilog file "D:/CA/Lab6/Exp6/code/core/ImmGen.v" into library xil_defaultlib
INFO: [VRFC 10-311] analyzing module ImmGen
INFO: [VRFC 10-2263] Analyzing Verilog file "D:/CA/Lab6/Exp6/code/common/MUX2T1_32.v" into library xil_defaultlib
INFO: [VRFC 10-311] analyzing module MUX2T1_32
INFO: [VRFC 10-2263] Analyzing Verilog file "D:/CA/Lab6/Exp6/code/common/MUX8T1_32.v" into library xil_defaultlib
INFO: [VRFC 10-311] analyzing module MUX8T1_32
INFO: [VRFC 10-2263] Analyzing Verilog file "D:/CA/Lab6/Exp6/code/core/RAM_B.v" into library xil_defaultlib
INFO: [VRFC 10-311] analyzing module RAM_B
INFO: [VRFC 10-2263] Analyzing Verilog file "D:/CA/Lab6/Exp6/code/common/REG32.v" into library xil_defaultlib
INFO: [VRFC 10-311] analyzing module REG32
INFO: [VRFC 10-2263] Analyzing Verilog file "D:/CA/Lab6/Exp6/code/core/REG_IF_IS.v" into library xil_defaultlib
INFO: [VRFC 10-311] analyzing module REG_IF_IS
INFO: [VRFC 10-2263] Analyzing Verilog file "D:/CA/Lab6/Exp6/code/core/ROM_D.v" into library xil_defaultlib
INFO: [VRFC 10-311] analyzing module ROM_D
INFO: [VRFC 10-2263] Analyzing Verilog file "D:/CA/Lab6/Exp6/code/core/RV32core.v" into library xil_defaultlib
INFO: [VRFC 10-311] analyzing module RV32core
INFO: [VRFC 10-2263] Analyzing Verilog file "D:/CA/Lab6/Exp6/code/core/Regs.v" into library xil_defaultlib
INFO: [VRFC 10-311] analyzing module Regs
INFO: [VRFC 10-2263] Analyzing Verilog file "D:/CA/Lab6/Exp6/code/auxillary/VGATEST.v" into library xil_defaultlib
INFO: [VRFC 10-311] analyzing module VGA_TESTP
INFO: [VRFC 10-2263] Analyzing Verilog file "D:/CA/Lab6/Exp6/code/common/add_32.v" into library xil_defaultlib
INFO: [VRFC 10-311] analyzing module add_32
INFO: [VRFC 10-2263] Analyzing Verilog file "D:/CA/Lab6/Exp6/code/auxillary/btn_scan.v" into library xil_defaultlib
INFO: [VRFC 10-311] analyzing module btn_scan
INFO: [VRFC 10-2263] Analyzing Verilog file "D:/CA/Lab6/Exp6/code/auxillary/clk_diff.v" into library xil_defaultlib
INFO: [VRFC 10-311] analyzing module clk_diff
INFO: [VRFC 10-2263] Analyzing Verilog file "D:/CA/Lab6/Exp6/code/common/cmp_32.v" into library xil_defaultlib
INFO: [VRFC 10-311] analyzing module cmp_32
INFO: [VRFC 10-2263] Analyzing Verilog file "D:/CA/Lab6/Exp6/code/auxillary/debug_clk.v" into library xil_defaultlib
INFO: [VRFC 10-311] analyzing module debug_clk
INFO: [VRFC 10-2263] Analyzing Verilog file "D:/CA/Lab6/Exp6/code/auxillary/display.v" into library xil_defaultlib
INFO: [VRFC 10-311] analyzing module display
INFO: [VRFC 10-2263] Analyzing Verilog file "D:/CA/Lab6/Exp6/code/auxillary/my_clk_gen.v" into library xil_defaultlib
INFO: [VRFC 10-311] analyzing module my_clk_gen
INFO: [VRFC 10-2458] undeclared symbol clkout0, assumed default net type wire [D:/CA/Lab6/Exp6/code/auxillary/my_clk_gen.v:137]
INFO: [VRFC 10-2458] undeclared symbol clkout1, assumed default net type wire [D:/CA/Lab6/Exp6/code/auxillary/my_clk_gen.v:139]
INFO: [VRFC 10-2458] undeclared symbol clkout2, assumed default net type wire [D:/CA/Lab6/Exp6/code/auxillary/my_clk_gen.v:141]
INFO: [VRFC 10-2458] undeclared symbol clkout3, assumed default net type wire [D:/CA/Lab6/Exp6/code/auxillary/my_clk_gen.v:143]
INFO: [VRFC 10-2263] Analyzing Verilog file "D:/CA/Lab6/Exp6/code/auxillary/parallel2serial.v" into library xil_defaultlib
INFO: [VRFC 10-311] analyzing module parallel2serial
WARNING: [VRFC 10-3380] identifier 'DATA_BITS' is used before its declaration [D:/CA/Lab6/Exp6/code/auxillary/parallel2serial.v:10]
INFO: [VRFC 10-2263] Analyzing Verilog file "D:/CA/Lab6/Exp6/code/auxillary/top.v" into library xil_defaultlib
INFO: [VRFC 10-311] analyzing module top
INFO: [VRFC 10-2263] Analyzing Verilog file "D:/CA/Lab6/Exp6/code/auxillary/vga.v" into library xil_defaultlib
INFO: [VRFC 10-311] analyzing module vga
INFO: [VRFC 10-2263] Analyzing Verilog file "D:/CA/Lab6/Exp6/code/sim/sim_top.v" into library xil_defaultlib
INFO: [VRFC 10-311] analyzing module sim_top
INFO: [VRFC 10-2263] Analyzing Verilog file "D:/CA/Lab6/Exp6/Exp6.sim/sim_1/behav/xsim/glbl.v" into library xil_defaultlib
INFO: [VRFC 10-311] analyzing module glbl
"xvhdl --incr --relax -prj sim_top_vhdl.prj"
INFO: [VRFC 10-163] Analyzing VHDL file "D:/CA/Lab6/Exp6/Exp6.ip_user_files/ipstatic/hdl/xbip_utils_v3_0_vh_rfs.vhd" into library xbip_utils_v3_0_9
INFO: [VRFC 10-163] Analyzing VHDL file "D:/CA/Lab6/Exp6/Exp6.ip_user_files/ipstatic/hdl/axi_utils_v2_0_vh_rfs.vhd" into library axi_utils_v2_0_5
INFO: [VRFC 10-3107] analyzing entity 'glb_srl_fifo'
INFO: [VRFC 10-3107] analyzing entity 'glb_ifx_slave'
INFO: [VRFC 10-3107] analyzing entity 'glb_ifx_master'
INFO: [VRFC 10-3107] analyzing entity 'axi_slave_2to1'
INFO: [VRFC 10-3107] analyzing entity 'axi_slave_3to1'
INFO: [VRFC 10-3107] analyzing entity 'axi_slave_4to1'
INFO: [VRFC 10-163] Analyzing VHDL file "D:/CA/Lab6/Exp6/Exp6.ip_user_files/ipstatic/hdl/xbip_pipe_v3_0_vh_rfs.vhd" into library xbip_pipe_v3_0_5
INFO: [VRFC 10-3107] analyzing entity 'xbip_pipe_v3_0_5_viv'
INFO: [VRFC 10-3107] analyzing entity 'xbip_pipe_v3_0_5'
INFO: [VRFC 10-163] Analyzing VHDL file "D:/CA/Lab6/Exp6/Exp6.ip_user_files/ipstatic/hdl/xbip_dsp48_wrapper_v3_0_vh_rfs.vhd" into library xbip_dsp48_wrapper_v3_0_4
INFO: [VRFC 10-3107] analyzing entity 'xbip_dsp48a_wrapper_v3_0'
INFO: [VRFC 10-3107] analyzing entity 'xbip_dsp48a1_wrapper_v3_0'
INFO: [VRFC 10-3107] analyzing entity 'xbip_dsp48e_wrapper_v3_0'
INFO: [VRFC 10-3107] analyzing entity 'xbip_dsp48e1_wrapper_v3_0'
INFO: [VRFC 10-3107] analyzing entity 'xbip_dsp48e2_wrapper_v3_0'
INFO: [VRFC 10-3107] analyzing entity 'xbip_dsp48_wrapper_v3_0_4'
INFO: [VRFC 10-163] Analyzing VHDL file "D:/CA/Lab6/Exp6/Exp6.ip_user_files/ipstatic/hdl/xbip_dsp48_addsub_v3_0_vh_rfs.vhd" into library xbip_dsp48_addsub_v3_0_5
INFO: [VRFC 10-3107] analyzing entity 'xbip_dsp48_addsub_rtl'
INFO: [VRFC 10-3107] analyzing entity 'xbip_dsp48_addsub_synth'
INFO: [VRFC 10-3107] analyzing entity 'xbip_dsp48_addsub_v3_0_5_viv'
INFO: [VRFC 10-3107] analyzing entity 'xbip_dsp48_addsub_v3_0_5'
INFO: [VRFC 10-163] Analyzing VHDL file "D:/CA/Lab6/Exp6/Exp6.ip_user_files/ipstatic/hdl/xbip_bram18k_v3_0_vh_rfs.vhd" into library xbip_bram18k_v3_0_5
INFO: [VRFC 10-3107] analyzing entity 'xbip_bram18k_synth'
INFO: [VRFC 10-3107] analyzing entity 'xbip_bram18k_rtl'
INFO: [VRFC 10-3107] analyzing entity 'xbip_bram18k_v3_0_5_viv'
INFO: [VRFC 10-3107] analyzing entity 'xbip_bram18k_v3_0_5'
INFO: [VRFC 10-163] Analyzing VHDL file "D:/CA/Lab6/Exp6/Exp6.ip_user_files/ipstatic/hdl/mult_gen_v12_0_vh_rfs.vhd" into library mult_gen_v12_0_14
INFO: [VRFC 10-3107] analyzing entity 'op_resize'
INFO: [VRFC 10-3107] analyzing entity 'delay_line'
INFO: [VRFC 10-3107] analyzing entity 'cc_compare'
INFO: [VRFC 10-3107] analyzing entity 'luts'
INFO: [VRFC 10-3107] analyzing entity 'mult18'
INFO: [VRFC 10-3107] analyzing entity 'dsp'
INFO: [VRFC 10-3107] analyzing entity 'hybrid'
INFO: [VRFC 10-3107] analyzing entity 'ccm_dist_mem'
INFO: [VRFC 10-3107] analyzing entity 'ccm_sp_block_mem'
INFO: [VRFC 10-3107] analyzing entity 'ccm_dp_block_mem'
INFO: [VRFC 10-3107] analyzing entity 'ccm_syncmem'
INFO: [VRFC 10-3107] analyzing entity 'ccm_scaled_adder'
INFO: [VRFC 10-3107] analyzing entity 'ccm_operation'
INFO: [VRFC 10-3107] analyzing entity 'ccm'
INFO: [VRFC 10-3107] analyzing entity 'three_input_adder'
INFO: [VRFC 10-3107] analyzing entity 'multmxn_lut6'
INFO: [VRFC 10-3107] analyzing entity 'mult_gen_v12_0_14_viv'
INFO: [VRFC 10-3107] analyzing entity 'mult_gen_v12_0_14'
INFO: [VRFC 10-163] Analyzing VHDL file "D:/CA/Lab6/Exp6/Exp6.ip_user_files/ipstatic/hdl/floating_point_v7_0_vh_rfs.vhd" into library floating_point_v7_0_15
INFO: [VRFC 10-3107] analyzing entity 'fdgS'
INFO: [VRFC 10-3107] analyzing entity 'fdgW'
INFO: [VRFC 10-3107] analyzing entity 'lutV'
INFO: [VRFC 10-3107] analyzing entity 'lutS'
INFO: [VRFC 10-3107] analyzing entity 'lutN'
INFO: [VRFC 10-3107] analyzing entity 'lutNMuxS'
INFO: [VRFC 10-3107] analyzing entity 'srl16eS'
INFO: [VRFC 10-3107] analyzing entity 'delayS'
INFO: [VRFC 10-3107] analyzing entity 'andW'
INFO: [VRFC 10-3107] analyzing entity 'orW'
INFO: [VRFC 10-3107] analyzing entity 'srl16ew'
INFO: [VRFC 10-3107] analyzing entity 'delayW'
INFO: [VRFC 10-3107] analyzing entity 'compW'
INFO: [VRFC 10-3107] analyzing entity 'addSubW'
INFO: [VRFC 10-3107] analyzing entity 'equalW'
INFO: [VRFC 10-3107] analyzing entity 'addW'
INFO: [VRFC 10-3107] analyzing entity 'mult18'
INFO: [VRFC 10-3107] analyzing entity 'cntrlgen'
INFO: [VRFC 10-3107] analyzing entity 'cntrlgen2'
INFO: [VRFC 10-3107] analyzing entity 'ppGenR8'
INFO: [VRFC 10-3107] analyzing entity 'ppGenR8Msb2'
INFO: [VRFC 10-3107] analyzing entity 'addSubShGW'
INFO: [VRFC 10-3107] analyzing entity 'addSubShFW'
INFO: [VRFC 10-3107] analyzing entity 'vmRoundW'
INFO: [VRFC 10-3107] analyzing entity 'vmsMultCore'
INFO: [VRFC 10-3107] analyzing entity 'wideEmbedMult4'
INFO: [VRFC 10-3107] analyzing entity 'wideEmbedMult16'
INFO: [VRFC 10-3107] analyzing entity 'wideEmbedMult'
INFO: [VRFC 10-3107] analyzing entity 'dsp48MultALine'
INFO: [VRFC 10-3107] analyzing entity 'dsp48Mult'
INFO: [VRFC 10-3107] analyzing entity 'xMult'
INFO: [VRFC 10-3107] analyzing entity 'delay'
INFO: [VRFC 10-3107] analyzing entity 'delay_s'
INFO: [VRFC 10-3107] analyzing entity 'mux_bus2'
INFO: [VRFC 10-3107] analyzing entity 'twos_comp'
INFO: [VRFC 10-3107] analyzing entity 'carry_chain'
INFO: [VRFC 10-3107] analyzing entity 'mux4'
INFO: [VRFC 10-3107] analyzing entity 'compare_gt'
INFO: [VRFC 10-3107] analyzing entity 'compare_eq_im'
INFO: [VRFC 10-3107] analyzing entity 'compare_ne_im'
INFO: [VRFC 10-3107] analyzing entity 'compare_eq'
INFO: [VRFC 10-3107] analyzing entity 'compare'
INFO: [VRFC 10-3107] analyzing entity 'special_detect'
INFO: [VRFC 10-3107] analyzing entity 'norm_zero_det'
INFO: [VRFC 10-3107] analyzing entity 'zero_det_sel'
INFO: [VRFC 10-3107] analyzing entity 'shift_msb_first'
INFO: [VRFC 10-3107] analyzing entity 'flt_dec_op'
INFO: [VRFC 10-3107] analyzing entity 'flt_dec_op_lat'
INFO: [VRFC 10-3107] analyzing entity 'lead_zero_encode'
INFO: [VRFC 10-3107] analyzing entity 'lead_zero_encode_shift'
INFO: [VRFC 10-3107] analyzing entity 'dsp48e1_wrapper'
INFO: [VRFC 10-3107] analyzing entity 'dsp48e2_wrapper'
INFO: [VRFC 10-3107] analyzing entity 'addsub_logic'
INFO: [VRFC 10-3107] analyzing entity 'addsub_dsp'
INFO: [VRFC 10-3107] analyzing entity 'addsub'
INFO: [VRFC 10-3107] analyzing entity 'flt_round_bit'
INFO: [VRFC 10-3107] analyzing entity 'renorm_and_round_logic'
INFO: [VRFC 10-3107] analyzing entity 'norm_and_round_dsp48e1_sgl'
INFO: [VRFC 10-3107] analyzing entity 'norm_and_round_logic'
INFO: [VRFC 10-3107] analyzing entity 'alignment'
INFO: [VRFC 10-3107] analyzing entity 'normalize'
INFO: [VRFC 10-3107] analyzing entity 'align_add_dsp48e1_sgl'
INFO: [VRFC 10-3107] analyzing entity 'align_add'
INFO: [VRFC 10-3107] analyzing entity 'multadd'
INFO: [VRFC 10-3107] analyzing entity 'compare_ge'
INFO: [VRFC 10-3107] analyzing entity 'fix_to_flt_conv_exp'
INFO: [VRFC 10-3107] analyzing entity 'fix_to_flt_conv'
INFO: [VRFC 10-3107] analyzing entity 'flt_to_fix_conv'
INFO: [VRFC 10-3107] analyzing entity 'flt_to_flt_conv_exp'
INFO: [VRFC 10-3107] analyzing entity 'flt_to_flt_conv'
INFO: [VRFC 10-3107] analyzing entity 'fp_cmp'
INFO: [VRFC 10-3107] analyzing entity 'flt_sqrt_mant_addsub'
INFO: [VRFC 10-3107] analyzing entity 'flt_sqrt_mant'
INFO: [VRFC 10-3107] analyzing entity 'flt_sqrt_exp'
INFO: [VRFC 10-3107] analyzing entity 'flt_sqrt'
INFO: [VRFC 10-3107] analyzing entity 'flt_div_mant_addsub'
INFO: [VRFC 10-3107] analyzing entity 'flt_div_mant'
INFO: [VRFC 10-3107] analyzing entity 'flt_div_exp'
INFO: [VRFC 10-3107] analyzing entity 'flt_div'
INFO: [VRFC 10-3107] analyzing entity 'fix_mult_dsp48e1_lat_dbl'
INFO: [VRFC 10-3107] analyzing entity 'fix_mult_dsp48e1_sgl'
INFO: [VRFC 10-3107] analyzing entity 'fix_mult_dsp48e1_dbl'
INFO: [VRFC 10-3107] analyzing entity 'fix_mult_dsp48e2_dbl'
INFO: [VRFC 10-3107] analyzing entity 'fix_mult_qq'
INFO: [VRFC 10-3107] analyzing entity 'fix_mult_xx'
INFO: [VRFC 10-3107] analyzing entity 'fix_mult'
INFO: [VRFC 10-3107] analyzing entity 'flt_round_dsp_opt_full'
INFO: [VRFC 10-3107] analyzing entity 'flt_round_dsp_opt_part'
INFO: [VRFC 10-3107] analyzing entity 'flt_mult_round'
INFO: [VRFC 10-3107] analyzing entity 'flt_mult_exp'
INFO: [VRFC 10-3107] analyzing entity 'flt_mult'
INFO: [VRFC 10-3107] analyzing entity 'flt_add_exp'
INFO: [VRFC 10-3107] analyzing entity 'flt_add_logic'
INFO: [VRFC 10-3107] analyzing entity 'flt_add_dsp'
INFO: [VRFC 10-3107] analyzing entity 'flt_add_lat_align_add'
INFO: [VRFC 10-3107] analyzing entity 'flt_add_lat_norm'
INFO: [VRFC 10-3107] analyzing entity 'flt_add_lat_exp'
INFO: [VRFC 10-3107] analyzing entity 'flt_add_lat'
INFO: [VRFC 10-3107] analyzing entity 'flt_add'
INFO: [VRFC 10-3107] analyzing entity 'flt_recip_approx'
INFO: [VRFC 10-3107] analyzing entity 'flt_recip_nr'
INFO: [VRFC 10-3107] analyzing entity 'flt_recip_reduction_calc'
INFO: [VRFC 10-3107] analyzing entity 'flt_recip_eval'
INFO: [VRFC 10-3107] analyzing entity 'flt_recip_postprocess'
INFO: [VRFC 10-3107] analyzing entity 'flt_recip_specialcase'
INFO: [VRFC 10-3107] analyzing entity 'flt_recip_recomb'
INFO: [VRFC 10-3107] analyzing entity 'flt_recipsqrt_dp_m_calc'
INFO: [VRFC 10-3107] analyzing entity 'flt_recip'
INFO: [VRFC 10-3107] analyzing entity 'flt_log_addsub'
INFO: [VRFC 10-3107] analyzing entity 'flt_log_addsub_taylor_fabric'
INFO: [VRFC 10-3107] analyzing entity 'flt_log_addsub_taylor_combiner_fabric'
INFO: [VRFC 10-3107] analyzing entity 'flt_log_single_one_detect'
INFO: [VRFC 10-3107] analyzing entity 'flt_log_inproc'
INFO: [VRFC 10-3107] analyzing entity 'flt_log_exp'
INFO: [VRFC 10-3107] analyzing entity 'flt_log_L_block_memory'
INFO: [VRFC 10-3107] analyzing entity 'flt_pt_log_L_block'
INFO: [VRFC 10-3107] analyzing entity 'flt_log_rr_mul_iter'
INFO: [VRFC 10-3107] analyzing entity 'flt_log_rr_mul'
INFO: [VRFC 10-3107] analyzing entity 'flt_log_rr'
INFO: [VRFC 10-3107] analyzing entity 'flt_log_taylor'
INFO: [VRFC 10-3107] analyzing entity 'flt_log_shift_msb_first'
INFO: [VRFC 10-3107] analyzing entity 'flt_log_lead_zero_encode'
INFO: [VRFC 10-3107] analyzing entity 'flt_log_normalize'
INFO: [VRFC 10-3107] analyzing entity 'flt_log_norm'
INFO: [VRFC 10-3107] analyzing entity 'flt_log_rnd'
INFO: [VRFC 10-3107] analyzing entity 'flt_log_specialcase'
INFO: [VRFC 10-3107] analyzing entity 'flt_log_recomb'
INFO: [VRFC 10-3107] analyzing entity 'flt_log'
INFO: [VRFC 10-3107] analyzing entity 'flt_exp_specialcase'
INFO: [VRFC 10-3107] analyzing entity 'flt_exp_recomb'
INFO: [VRFC 10-3107] analyzing entity 'flt_exp_ccm'
INFO: [VRFC 10-3107] analyzing entity 'flt_exp_e2A'
INFO: [VRFC 10-3107] analyzing entity 'flt_exp_dp_poly'
INFO: [VRFC 10-3107] analyzing entity 'flt_exp_e2zmzm1'
INFO: [VRFC 10-3107] analyzing entity 'flt_exp'
INFO: [VRFC 10-3107] analyzing entity 'flt_fma_specialcase'
INFO: [VRFC 10-3107] analyzing entity 'flt_fma_round_bit'
INFO: [VRFC 10-3107] analyzing entity 'flt_fma_renorm_and_round_logic'
INFO: [VRFC 10-3107] analyzing entity 'flt_fma_special_detect'
INFO: [VRFC 10-3107] analyzing entity 'flt_fma_add_exp'
INFO: [VRFC 10-3107] analyzing entity 'flt_fma_alignment'
INFO: [VRFC 10-3107] analyzing entity 'flt_fma_addsub_dsp1'
INFO: [VRFC 10-3107] analyzing entity 'flt_fma_addsub_dsp2'
INFO: [VRFC 10-3107] analyzing entity 'flt_fma_addsub'
INFO: [VRFC 10-3107] analyzing entity 'flt_fma_align_add'
INFO: [VRFC 10-3107] analyzing entity 'flt_fma_norm_logic'
INFO: [VRFC 10-3107] analyzing entity 'flt_fma_add_logic'
INFO: [VRFC 10-3107] analyzing entity 'flt_fma_add'
INFO: [VRFC 10-3107] analyzing entity 'flt_fma_mul'
INFO: [VRFC 10-3107] analyzing entity 'flt_fma'
INFO: [VRFC 10-3107] analyzing entity 'flt_accum_flt_to_fix'
INFO: [VRFC 10-3107] analyzing entity 'flt_accum_bit_encode'
INFO: [VRFC 10-3107] analyzing entity 'flt_accum'
INFO: [VRFC 10-3107] analyzing entity 'floating_point_v7_0_15_viv'
INFO: [VRFC 10-3107] analyzing entity 'floating_point_v7_0_15'
INFO: [VRFC 10-163] Analyzing VHDL file "D:/CA/Lab6/Exp6/Exp6.ip_user_files/ipstatic/hdl/xbip_dsp48_mult_v3_0_vh_rfs.vhd" into library xbip_dsp48_mult_v3_0_5
INFO: [VRFC 10-3107] analyzing entity 'xbip_dsp48_mult_rtl'
INFO: [VRFC 10-3107] analyzing entity 'xbip_dsp48_mult_synth'
INFO: [VRFC 10-3107] analyzing entity 'xbip_dsp48_mult_v3_0_5_viv'
INFO: [VRFC 10-3107] analyzing entity 'xbip_dsp48_mult_v3_0_5'
INFO: [VRFC 10-163] Analyzing VHDL file "D:/CA/Lab6/Exp6/Exp6.ip_user_files/ipstatic/hdl/xbip_dsp48_multadd_v3_0_vh_rfs.vhd" into library xbip_dsp48_multadd_v3_0_5
INFO: [VRFC 10-3107] analyzing entity 'xbip_dsp48_multadd_rtl'
INFO: [VRFC 10-3107] analyzing entity 'xbip_dsp48_multadd_synth'
INFO: [VRFC 10-3107] analyzing entity 'xbip_dsp48_multadd_v3_0_5_viv'
INFO: [VRFC 10-3107] analyzing entity 'xbip_dsp48_multadd_v3_0_5'
INFO: [VRFC 10-163] Analyzing VHDL file "D:/CA/Lab6/Exp6/Exp6.ip_user_files/ipstatic/hdl/div_gen_v5_1_vh_rfs.vhd" into library div_gen_v5_1_13
INFO: [VRFC 10-3107] analyzing entity 'c_addsub_lut6'
INFO: [VRFC 10-3107] analyzing entity 'c_addsub_viv'
INFO: [VRFC 10-3107] analyzing entity 'c_twos_comp_viv'
INFO: [VRFC 10-3107] analyzing entity 'cmp2s_v'
INFO: [VRFC 10-3107] analyzing entity 'addsubreg_v'
INFO: [VRFC 10-3107] analyzing entity 'dividervdc_v'
INFO: [VRFC 10-3107] analyzing entity 'div_lutmult'
INFO: [VRFC 10-3107] analyzing entity 'bip_sdivider_synth'
INFO: [VRFC 10-3107] analyzing entity 'fixed_to_float'
INFO: [VRFC 10-3107] analyzing entity 'flow_ctrl'
INFO: [VRFC 10-3107] analyzing entity 'estimator'
INFO: [VRFC 10-3107] analyzing entity 'prescaler'
INFO: [VRFC 10-3107] analyzing entity 'prenormalizer'
INFO: [VRFC 10-3107] analyzing entity 'iterative_unit'
INFO: [VRFC 10-3107] analyzing entity 'quot_addsub'
INFO: [VRFC 10-3107] analyzing entity 'quotient_collector'
INFO: [VRFC 10-3107] analyzing entity 'hrdiv_viv'
INFO: [VRFC 10-3107] analyzing entity 'div_gen_synth'
INFO: [VRFC 10-3107] analyzing entity 'div_gen_v5_1_13_viv'
INFO: [VRFC 10-3107] analyzing entity 'div_gen_v5_1_13'
INFO: [VRFC 10-163] Analyzing VHDL file "D:/CA/Lab6/Exp6/Exp6.srcs/sources_1/ip/divider/sim/divider.vhd" into library xil_defaultlib
INFO: [VRFC 10-3107] analyzing entity 'divider'
INFO: [VRFC 10-163] Analyzing VHDL file "D:/CA/Lab6/Exp6/Exp6.srcs/sources_1/ip/multiplier/sim/multiplier.vhd" into library xil_defaultlib
INFO: [VRFC 10-3107] analyzing entity 'multiplier'
run_program: Time (s): cpu = 00:00:01 ; elapsed = 00:00:13 . Memory (MB): peak = 999.781 ; gain = 0.000
INFO: [USF-XSim-69] 'compile' step finished in '13' seconds
INFO: [USF-XSim-3] XSim::Elaborate design
INFO: [USF-XSim-61] Executing 'ELABORATE' step in 'D:/CA/Lab6/Exp6/Exp6.sim/sim_1/behav/xsim'
"xelab -wto 43b08fc0664647fe90e7fe931acc9436 --incr --debug typical --relax --mt 2 -L xil_defaultlib -L xbip_utils_v3_0_9 -L axi_utils_v2_0_5 -L xbip_pipe_v3_0_5 -L xbip_dsp48_wrapper_v3_0_4 -L xbip_dsp48_addsub_v3_0_5 -L xbip_bram18k_v3_0_5 -L mult_gen_v12_0_14 -L floating_point_v7_0_15 -L xbip_dsp48_mult_v3_0_5 -L xbip_dsp48_multadd_v3_0_5 -L div_gen_v5_1_13 -L unisims_ver -L unimacro_ver -L secureip -L xpm --snapshot sim_top_behav xil_defaultlib.sim_top xil_defaultlib.glbl -log elaborate.log"
Vivado Simulator 2020.2
Copyright 1986-1999, 2001-2020 Xilinx, Inc. All Rights Reserved.
Running: D:/Xilinx/Vivado/2020.2/bin/unwrapped/win64.o/xelab.exe -wto 43b08fc0664647fe90e7fe931acc9436 --incr --debug typical --relax --mt 2 -L xil_defaultlib -L xbip_utils_v3_0_9 -L axi_utils_v2_0_5 -L xbip_pipe_v3_0_5 -L xbip_dsp48_wrapper_v3_0_4 -L xbip_dsp48_addsub_v3_0_5 -L xbip_bram18k_v3_0_5 -L mult_gen_v12_0_14 -L floating_point_v7_0_15 -L xbip_dsp48_mult_v3_0_5 -L xbip_dsp48_multadd_v3_0_5 -L div_gen_v5_1_13 -L unisims_ver -L unimacro_ver -L secureip -L xpm --snapshot sim_top_behav xil_defaultlib.sim_top xil_defaultlib.glbl -log elaborate.log 
Using 2 slave threads.
Starting static elaboration
Pass Through NonSizing Optimizer
Completed static elaboration
Starting simulation data flow analysis
Completed simulation data flow analysis
Time Resolution for simulation is 1ps
Compiling package std.standard
Compiling package std.textio
Compiling package ieee.std_logic_1164
Compiling package ieee.numeric_std
Compiling package mult_gen_v12_0_14.mult_gen_v12_0_14_viv_comp
Compiling package xbip_utils_v3_0_9.xbip_utils_v3_0_9_pkg
Compiling package mult_gen_v12_0_14.mult_gen_v12_0_14_pkg
Compiling package ieee.std_logic_arith
Compiling package ieee.std_logic_signed
Compiling package unisim.vcomponents
Compiling package ieee.std_logic_unsigned
Compiling package ieee.vital_timing
Compiling package ieee.vital_primitives
Compiling package unisim.vpkg
Compiling package div_gen_v5_1_13.div_gen_v5_1_13_viv_comp
Compiling package xbip_pipe_v3_0_5.xbip_pipe_v3_0_5_viv_comp
Compiling package axi_utils_v2_0_5.axi_utils_v2_0_5_pkg
Compiling package ieee.math_real
Compiling package axi_utils_v2_0_5.global_util_pkg
Compiling package axi_utils_v2_0_5.axi_utils_comps
Compiling package xbip_bram18k_v3_0_5.xbip_bram18k_v3_0_5_pkg
Compiling package div_gen_v5_1_13.div_gen_pkg
Compiling package div_gen_v5_1_13.pkg_addsub
Compiling module unisims_ver.IBUFDS
Compiling module unisims_ver.IBUFGDS
Compiling module xil_defaultlib.clk_diff
Compiling module unisims_ver.MMCME2_ADV(CLKIN1_PERIOD=5.0,CLK...
Compiling module unisims_ver.BUFG
Compiling module xil_defaultlib.my_clk_gen
Compiling module xil_defaultlib.btn_scan(CLK_FREQ=25)
Compiling module xil_defaultlib.parallel2serial(P_CLK_FREQ=25,S_...
Compiling module xil_defaultlib.parallel2serial(P_CLK_FREQ=25,S_...
Compiling module xil_defaultlib.display_default
Compiling module xil_defaultlib.debug_clk
Compiling module xil_defaultlib.REG32
Compiling module xil_defaultlib.add_32
Compiling module xil_defaultlib.MUX2T1_32
Compiling module xil_defaultlib.ROM_D
Compiling module xil_defaultlib.REG_IF_IS
Compiling module xil_defaultlib.ImmGen
Compiling module xil_defaultlib.CtrlUnit
Compiling module xil_defaultlib.Regs
Compiling module xil_defaultlib.FU_ALU
Compiling module xil_defaultlib.RAM_B
Compiling module xil_defaultlib.FU_mem
Compiling architecture lut2_v of entity unisim.LUT2 [\LUT2(init="1000")(0,3)\]
Compiling architecture mult_and_v of entity unisim.MULT_AND [mult_and_default]
Compiling architecture muxcy_v of entity unisim.MUXCY [muxcy_default]
Compiling architecture xorcy_v of entity unisim.XORCY [xorcy_default]
Compiling architecture xilinx of entity mult_gen_v12_0_14.op_resize [\op_resize(ai_width=32,bi_width=...]
Compiling architecture xilinx of entity mult_gen_v12_0_14.luts [\luts(c_xdevicefamily="kintex7",...]
Compiling architecture xilinx of entity mult_gen_v12_0_14.mult_gen_v12_0_14_viv [\mult_gen_v12_0_14_viv(c_verbosi...]
Compiling architecture xilinx of entity mult_gen_v12_0_14.mult_gen_v12_0_14 [\mult_gen_v12_0_14(c_xdevicefami...]
Compiling architecture multiplier_arch of entity xil_defaultlib.multiplier [multiplier_default]
Compiling module xil_defaultlib.FU_mul
Compiling architecture synth of entity div_gen_v5_1_13.c_twos_comp_viv [\c_twos_comp_viv(c_width=32,c_ai...]
Compiling architecture virtex of entity div_gen_v5_1_13.cmp2s_v [\cmp2s_v(c_bus_width=32,c_regist...]
Compiling architecture synth of entity div_gen_v5_1_13.c_twos_comp_viv [\c_twos_comp_viv(c_width=32,c_ai...]
Compiling architecture virtex of entity div_gen_v5_1_13.cmp2s_v [\cmp2s_v(c_bus_width=32,c_ainit_...]
Compiling architecture synth of entity xbip_pipe_v3_0_5.xbip_pipe_v3_0_5_viv [\xbip_pipe_v3_0_5_viv(c_latency=...]
Compiling architecture synth of entity xbip_pipe_v3_0_5.xbip_pipe_v3_0_5_viv [\xbip_pipe_v3_0_5_viv(c_latency=...]
Compiling architecture synth of entity xbip_pipe_v3_0_5.xbip_pipe_v3_0_5_viv [\xbip_pipe_v3_0_5_viv(c_latency=...]
Compiling architecture synth of entity xbip_pipe_v3_0_5.xbip_pipe_v3_0_5_viv [\xbip_pipe_v3_0_5_viv(c_latency=...]
Compiling architecture synth of entity xbip_pipe_v3_0_5.xbip_pipe_v3_0_5_viv [\xbip_pipe_v3_0_5_viv(c_latency=...]
Compiling architecture rtl of entity div_gen_v5_1_13.c_addsub_lut6 [\c_addsub_lut6(c_width=33,c_add_...]
Compiling architecture synth of entity div_gen_v5_1_13.c_addsub_viv [\c_addsub_viv(c_a_width=33,c_b_w...]
Compiling architecture virtex of entity div_gen_v5_1_13.addsubreg_v [\addsubreg_v(c_bus_width=33,c_ai...]
Compiling architecture synth of entity xbip_pipe_v3_0_5.xbip_pipe_v3_0_5_viv [\xbip_pipe_v3_0_5_viv(c_latency=...]
Compiling architecture synth of entity xbip_pipe_v3_0_5.xbip_pipe_v3_0_5_viv [\xbip_pipe_v3_0_5_viv(c_latency=...]
Compiling architecture synth of entity xbip_pipe_v3_0_5.xbip_pipe_v3_0_5_viv [\xbip_pipe_v3_0_5_viv(c_latency=...]
Compiling architecture synth of entity xbip_pipe_v3_0_5.xbip_pipe_v3_0_5_viv [\xbip_pipe_v3_0_5_viv(c_latency=...]
Compiling architecture synth of entity xbip_pipe_v3_0_5.xbip_pipe_v3_0_5_viv [\xbip_pipe_v3_0_5_viv(c_latency=...]
Compiling architecture synth of entity xbip_pipe_v3_0_5.xbip_pipe_v3_0_5_viv [\xbip_pipe_v3_0_5_viv(c_latency=...]
Compiling architecture synth of entity xbip_pipe_v3_0_5.xbip_pipe_v3_0_5_viv [\xbip_pipe_v3_0_5_viv(c_latency=...]
Compiling architecture synth of entity xbip_pipe_v3_0_5.xbip_pipe_v3_0_5_viv [\xbip_pipe_v3_0_5_viv(c_latency=...]
Compiling architecture synth of entity xbip_pipe_v3_0_5.xbip_pipe_v3_0_5_viv [\xbip_pipe_v3_0_5_viv(c_latency=...]
Compiling architecture synth of entity xbip_pipe_v3_0_5.xbip_pipe_v3_0_5_viv [\xbip_pipe_v3_0_5_viv(c_latency=...]
Compiling architecture synth of entity xbip_pipe_v3_0_5.xbip_pipe_v3_0_5_viv [\xbip_pipe_v3_0_5_viv(c_latency=...]
Compiling architecture synth of entity xbip_pipe_v3_0_5.xbip_pipe_v3_0_5_viv [\xbip_pipe_v3_0_5_viv(c_latency=...]
Compiling architecture synth of entity xbip_pipe_v3_0_5.xbip_pipe_v3_0_5_viv [\xbip_pipe_v3_0_5_viv(c_latency=...]
Compiling architecture synth of entity xbip_pipe_v3_0_5.xbip_pipe_v3_0_5_viv [\xbip_pipe_v3_0_5_viv(c_latency=...]
Compiling architecture synth of entity xbip_pipe_v3_0_5.xbip_pipe_v3_0_5_viv [\xbip_pipe_v3_0_5_viv(c_latency=...]
Compiling architecture synth of entity xbip_pipe_v3_0_5.xbip_pipe_v3_0_5_viv [\xbip_pipe_v3_0_5_viv(c_latency=...]
Compiling architecture synth of entity xbip_pipe_v3_0_5.xbip_pipe_v3_0_5_viv [\xbip_pipe_v3_0_5_viv(c_latency=...]
Compiling architecture synth of entity xbip_pipe_v3_0_5.xbip_pipe_v3_0_5_viv [\xbip_pipe_v3_0_5_viv(c_latency=...]
Compiling architecture synth of entity xbip_pipe_v3_0_5.xbip_pipe_v3_0_5_viv [\xbip_pipe_v3_0_5_viv(c_latency=...]
Compiling architecture synth of entity xbip_pipe_v3_0_5.xbip_pipe_v3_0_5_viv [\xbip_pipe_v3_0_5_viv(c_latency=...]
Compiling architecture synth of entity xbip_pipe_v3_0_5.xbip_pipe_v3_0_5_viv [\xbip_pipe_v3_0_5_viv(c_latency=...]
Compiling architecture synth of entity xbip_pipe_v3_0_5.xbip_pipe_v3_0_5_viv [\xbip_pipe_v3_0_5_viv(c_latency=...]
Compiling architecture synth of entity xbip_pipe_v3_0_5.xbip_pipe_v3_0_5_viv [\xbip_pipe_v3_0_5_viv(c_latency=...]
Compiling architecture synth of entity xbip_pipe_v3_0_5.xbip_pipe_v3_0_5_viv [\xbip_pipe_v3_0_5_viv(c_latency=...]
Compiling architecture synth of entity xbip_pipe_v3_0_5.xbip_pipe_v3_0_5_viv [\xbip_pipe_v3_0_5_viv(c_latency=...]
Compiling architecture synth of entity xbip_pipe_v3_0_5.xbip_pipe_v3_0_5_viv [\xbip_pipe_v3_0_5_viv(c_latency=...]
Compiling architecture synth of entity xbip_pipe_v3_0_5.xbip_pipe_v3_0_5_viv [\xbip_pipe_v3_0_5_viv(c_latency=...]
Compiling architecture synth of entity xbip_pipe_v3_0_5.xbip_pipe_v3_0_5_viv [\xbip_pipe_v3_0_5_viv(c_latency=...]
Compiling architecture synth of entity xbip_pipe_v3_0_5.xbip_pipe_v3_0_5_viv [\xbip_pipe_v3_0_5_viv(c_latency=...]
Compiling architecture synth of entity xbip_pipe_v3_0_5.xbip_pipe_v3_0_5_viv [\xbip_pipe_v3_0_5_viv(c_latency=...]
Compiling architecture synth of entity xbip_pipe_v3_0_5.xbip_pipe_v3_0_5_viv [\xbip_pipe_v3_0_5_viv(c_latency=...]
Compiling architecture synth of entity xbip_pipe_v3_0_5.xbip_pipe_v3_0_5_viv [\xbip_pipe_v3_0_5_viv(c_latency=...]
Compiling architecture synth of entity xbip_pipe_v3_0_5.xbip_pipe_v3_0_5_viv [\xbip_pipe_v3_0_5_viv(c_latency=...]
Compiling architecture synth of entity xbip_pipe_v3_0_5.xbip_pipe_v3_0_5_viv [\xbip_pipe_v3_0_5_viv(c_latency=...]
Compiling architecture synth of entity xbip_pipe_v3_0_5.xbip_pipe_v3_0_5_viv [\xbip_pipe_v3_0_5_viv(c_latency=...]
Compiling architecture synth of entity xbip_pipe_v3_0_5.xbip_pipe_v3_0_5_viv [\xbip_pipe_v3_0_5_viv(c_latency=...]
Compiling architecture synth of entity xbip_pipe_v3_0_5.xbip_pipe_v3_0_5_viv [\xbip_pipe_v3_0_5_viv(c_latency=...]
Compiling architecture synth of entity xbip_pipe_v3_0_5.xbip_pipe_v3_0_5_viv [\xbip_pipe_v3_0_5_viv(c_latency=...]
Compiling architecture synth of entity xbip_pipe_v3_0_5.xbip_pipe_v3_0_5_viv [\xbip_pipe_v3_0_5_viv(c_latency=...]
Compiling architecture synth of entity xbip_pipe_v3_0_5.xbip_pipe_v3_0_5_viv [\xbip_pipe_v3_0_5_viv(c_latency=...]
Compiling architecture synth of entity xbip_pipe_v3_0_5.xbip_pipe_v3_0_5_viv [\xbip_pipe_v3_0_5_viv(c_latency=...]
Compiling architecture synth of entity xbip_pipe_v3_0_5.xbip_pipe_v3_0_5_viv [\xbip_pipe_v3_0_5_viv(c_latency=...]
Compiling architecture synth of entity xbip_pipe_v3_0_5.xbip_pipe_v3_0_5_viv [\xbip_pipe_v3_0_5_viv(c_latency=...]
Compiling architecture synth of entity xbip_pipe_v3_0_5.xbip_pipe_v3_0_5_viv [\xbip_pipe_v3_0_5_viv(c_latency=...]
Compiling architecture synth of entity xbip_pipe_v3_0_5.xbip_pipe_v3_0_5_viv [\xbip_pipe_v3_0_5_viv(c_latency=...]
Compiling architecture synth of entity xbip_pipe_v3_0_5.xbip_pipe_v3_0_5_viv [\xbip_pipe_v3_0_5_viv(c_latency=...]
Compiling architecture synth of entity xbip_pipe_v3_0_5.xbip_pipe_v3_0_5_viv [\xbip_pipe_v3_0_5_viv(c_latency=...]
Compiling architecture synth of entity xbip_pipe_v3_0_5.xbip_pipe_v3_0_5_viv [\xbip_pipe_v3_0_5_viv(c_latency=...]
Compiling architecture synth of entity xbip_pipe_v3_0_5.xbip_pipe_v3_0_5_viv [\xbip_pipe_v3_0_5_viv(c_latency=...]
Compiling architecture synth of entity xbip_pipe_v3_0_5.xbip_pipe_v3_0_5_viv [\xbip_pipe_v3_0_5_viv(c_latency=...]
Compiling architecture synth of entity xbip_pipe_v3_0_5.xbip_pipe_v3_0_5_viv [\xbip_pipe_v3_0_5_viv(c_latency=...]
Compiling architecture synth of entity xbip_pipe_v3_0_5.xbip_pipe_v3_0_5_viv [\xbip_pipe_v3_0_5_viv(c_latency=...]
Compiling architecture synth of entity xbip_pipe_v3_0_5.xbip_pipe_v3_0_5_viv [\xbip_pipe_v3_0_5_viv(c_latency=...]
Compiling architecture synth of entity xbip_pipe_v3_0_5.xbip_pipe_v3_0_5_viv [\xbip_pipe_v3_0_5_viv(c_latency=...]
Compiling architecture synth of entity xbip_pipe_v3_0_5.xbip_pipe_v3_0_5_viv [\xbip_pipe_v3_0_5_viv(c_latency=...]
Compiling architecture synth of entity xbip_pipe_v3_0_5.xbip_pipe_v3_0_5_viv [\xbip_pipe_v3_0_5_viv(c_latency=...]
Compiling architecture synth of entity xbip_pipe_v3_0_5.xbip_pipe_v3_0_5_viv [\xbip_pipe_v3_0_5_viv(c_latency=...]
Compiling architecture synth of entity xbip_pipe_v3_0_5.xbip_pipe_v3_0_5_viv [\xbip_pipe_v3_0_5_viv(c_latency=...]
Compiling architecture synth of entity xbip_pipe_v3_0_5.xbip_pipe_v3_0_5_viv [\xbip_pipe_v3_0_5_viv(c_latency=...]
Compiling architecture synth of entity xbip_pipe_v3_0_5.xbip_pipe_v3_0_5_viv [\xbip_pipe_v3_0_5_viv(c_latency=...]
Compiling architecture synth of entity xbip_pipe_v3_0_5.xbip_pipe_v3_0_5_viv [\xbip_pipe_v3_0_5_viv(c_latency=...]
Compiling architecture synth of entity xbip_pipe_v3_0_5.xbip_pipe_v3_0_5_viv [\xbip_pipe_v3_0_5_viv(c_latency=...]
Compiling architecture rtl of entity div_gen_v5_1_13.c_addsub_lut6 [\c_addsub_lut6(c_width=33,c_add_...]
Compiling architecture synth of entity div_gen_v5_1_13.c_addsub_viv [\c_addsub_viv(c_a_width=33,c_b_w...]
Compiling architecture virtex of entity div_gen_v5_1_13.addsubreg_v [\addsubreg_v(c_bus_width=33,c_ha...]
Compiling architecture virtex of entity div_gen_v5_1_13.dividervdc_v [\dividervdc_v(bus_num=32,bus_div...]
Compiling architecture synth of entity div_gen_v5_1_13.c_twos_comp_viv [\c_twos_comp_viv(c_width=33,c_ai...]
Compiling architecture virtex of entity div_gen_v5_1_13.cmp2s_v [\cmp2s_v(c_bus_width=33,c_regist...]
Compiling architecture synth of entity div_gen_v5_1_13.bip_sdivider_synth [\bip_sdivider_synth(c_xdevicefam...]
Compiling architecture synth of entity div_gen_v5_1_13.div_gen_synth [\div_gen_synth(c_xdevicefamily="...]
Compiling architecture synth of entity xbip_pipe_v3_0_5.xbip_pipe_v3_0_5_viv [\xbip_pipe_v3_0_5_viv(c_latency=...]
Compiling architecture synth of entity div_gen_v5_1_13.div_gen_v5_1_13_viv [\div_gen_v5_1_13_viv(c_xdevicefa...]
Compiling architecture xilinx of entity div_gen_v5_1_13.div_gen_v5_1_13 [\div_gen_v5_1_13(c_xdevicefamily...]
Compiling architecture divider_arch of entity xil_defaultlib.divider [divider_default]
Compiling module xil_defaultlib.FU_div
Compiling module xil_defaultlib.cmp_32
Compiling module xil_defaultlib.FU_jump
Compiling module xil_defaultlib.MUX8T1_32
Compiling module xil_defaultlib.RV32core
Compiling module xil_defaultlib.Code2Inst
Compiling module unisims_ver.RB18_INTERNAL_VLOG(READ_WIDTH_A=...
Compiling module unisims_ver.RAMB18E1(INIT_00=256'b0111111010...
Compiling module unisims_ver.RAMB16_S1(INIT_00=256'b011111101...
Compiling module xil_defaultlib.FONT8_16
Compiling module xil_defaultlib.vga
Compiling module xil_defaultlib.VGA_TESTP
Compiling module xil_defaultlib.top
Compiling module xil_defaultlib.sim_top
Compiling module xil_defaultlib.glbl
Built simulation snapshot sim_top_behav

****** Webtalk v2020.2 (64-bit)
  **** SW Build 3064766 on Wed Nov 18 09:12:45 MST 2020
  **** IP Build 3064653 on Wed Nov 18 14:17:31 MST 2020
    ** Copyright 1986-2020 Xilinx, Inc. All Rights Reserved.

source D:/CA/Lab6/Exp6/Exp6.sim/sim_1/behav/xsim/xsim.dir/sim_top_behav/webtalk/xsim_webtalk.tcl -notrace
INFO: [Common 17-186] 'D:/CA/Lab6/Exp6/Exp6.sim/sim_1/behav/xsim/xsim.dir/sim_top_behav/webtalk/usage_statistics_ext_xsim.xml' has been successfully sent to Xilinx on Wed Dec 22 19:40:46 2021. For additional details about this file, please refer to the WebTalk help file at D:/Xilinx/Vivado/2020.2/doc/webtalk_introduction.html.
INFO: [Common 17-206] Exiting Webtalk at Wed Dec 22 19:40:46 2021...
run_program: Time (s): cpu = 00:00:02 ; elapsed = 00:00:25 . Memory (MB): peak = 999.781 ; gain = 0.000
INFO: [USF-XSim-69] 'elaborate' step finished in '24' seconds
INFO: [USF-XSim-4] XSim::Simulate design
INFO: [USF-XSim-61] Executing 'SIMULATE' step in 'D:/CA/Lab6/Exp6/Exp6.sim/sim_1/behav/xsim'
INFO: [USF-XSim-98] *** Running xsim
   with args "sim_top_behav -key {Behavioral:sim_1:Functional:sim_top} -tclbatch {sim_top.tcl} -view {D:/CA/Lab6/Exp6/code/sim/sim_top_behav.wcfg} -log {simulate.log}"
INFO: [USF-XSim-8] Loading simulator feature
Vivado Simulator 2020.2
Time resolution is 1 ps
open_wave_config D:/CA/Lab6/Exp6/code/sim/sim_top_behav.wcfg
source sim_top.tcl
# set curr_wave [current_wave_config]
# if { [string length $curr_wave] == 0 } {
#   if { [llength [get_objects]] > 0} {
#     add_wave /
#     set_property needs_save false [current_wave_config]
#   } else {
#      send_msg_id Add_Wave-1 WARNING "No top level signals found. Simulator will start without a wave window. If you want to open a wave window go to 'File->New Waveform Configuration' or type 'create_wave_config' in the TCL console."
#   }
# }
# run 1000ns
Warning: [Unisim MMCME2_ADV-20] Input CLKIN1 period and attribute CLKIN1_PERIOD are not same. Instance sim_top.uut.CLK_GEN.mmcm_adv_inst 
xsim: Time (s): cpu = 00:00:08 ; elapsed = 00:00:06 . Memory (MB): peak = 999.781 ; gain = 0.000
INFO: [USF-XSim-96] XSim completed. Design snapshot 'sim_top_behav' loaded.
INFO: [USF-XSim-97] XSim simulation ran for 1000ns
launch_simulation: Time (s): cpu = 00:00:13 ; elapsed = 00:00:46 . Memory (MB): peak = 999.781 ; gain = 0.000
run 100 us
close_sim
INFO: [Simtcl 6-16] Simulation closed
exit
INFO: [Common 17-206] Exiting Vivado at Wed Dec 22 19:58:16 2021...
