#-----------------------------------------------------------
# Vivado v2020.2 (64-bit)
# SW Build 3064766 on Wed Nov 18 09:12:45 MST 2020
# IP Build 3064653 on Wed Nov 18 14:17:31 MST 2020
# Start of session at: Thu Dec 16 22:00:36 2021
# Process ID: 20240
# Current directory: D:/CS/architecture/Lab6/Exp6
# Command line: vivado.exe -gui_launcher_event rodinguilauncherevent15232 D:\CS\architecture\Lab6\Exp6\Exp6.xpr
# Log file: D:/CS/architecture/Lab6/Exp6/vivado.log
# Journal file: D:/CS/architecture/Lab6/Exp6\vivado.jou
#-----------------------------------------------------------
start_gui
open_project D:/CS/architecture/Lab6/Exp6/Exp6.xpr
CRITICAL WARNING: [Project 1-19] Could not find the file 'D:/CS/architecture/Lab6/Exp6/Exp6.srcs/sources_1/ip/multiplier/multiplier.xci'.
CRITICAL WARNING: [Project 1-19] Could not find the file 'D:/CS/architecture/Lab6/Exp6/Exp6.srcs/sources_1/ip/divider/divider.xci'.
Scanning sources...
Finished scanning sources
ERROR: [IP_Flow 19-993] Could not find IP file for IP 'multiplier'.
CRITICAL WARNING: [IP_Flow 19-5097] Unable to determine VLNV from IP file; verify it has the correct syntax: 
ERROR: [IP_Flow 19-993] Could not find IP file for IP 'divider'.
CRITICAL WARNING: [IP_Flow 19-5097] Unable to determine VLNV from IP file; verify it has the correct syntax: 
INFO: [IP_Flow 19-234] Refreshing IP repositories
INFO: [IP_Flow 19-1704] No user IP repositories specified
INFO: [IP_Flow 19-2313] Loaded Vivado IP repository 'D:/Program/Vivado/2020.2/data/ip'.
open_project: Time (s): cpu = 00:00:20 ; elapsed = 00:00:08 . Memory (MB): peak = 1089.078 ; gain = 0.000
ERROR: [Common 17-39] 'open_project' failed due to earlier errors.
update_compile_order -fileset sources_1
exit
INFO: [Common 17-206] Exiting Vivado at Thu Dec 16 22:05:17 2021...
